Demo/build/outputs/apk/manifest-merger-debug-report.txt
-- Merging decision tree log ---
manifest
ADDED from AndroidManifest.xml:2:1
	package
		ADDED from AndroidManifest.xml:3:5
	android:versionName
		INJECTED from AndroidManifest.xml:0:0
		INJECTED from AndroidManifest.xml:0:0
	xmlns:android
		ADDED from AndroidManifest.xml:2:11
	android:versionCode
		INJECTED from AndroidManifest.xml:0:0
		INJECTED from AndroidManifest.xml:0:0
application
ADDED from AndroidManifest.xml:5:5
MERGED from braintree_android:Drop-In:unspecified:15:5
MERGED from braintree_android:BraintreeApi:unspecified:14:5
	android:label
		ADDED from AndroidManifest.xml:7:9
	android:supportsRtl
		ADDED from braintree_android:Drop-In:unspecified:16:9
	tools:ignore
		ADDED from braintree_android:Drop-In:unspecified:17:9
	android:allowBackup
		ADDED from AndroidManifest.xml:5:18
	android:icon
		ADDED from AndroidManifest.xml:6:9
	android:theme
		ADDED from AndroidManifest.xml:8:9
activity#com.braintreepayments.demo.MainActivity
ADDED from AndroidManifest.xml:9:9
	android:label
		ADDED from AndroidManifest.xml:11:13
	android:name
		ADDED from AndroidManifest.xml:10:13
intent-filter#android.intent.action.MAIN+android.intent.category.LAUNCHER
ADDED from AndroidManifest.xml:12:13
action#android.intent.action.MAIN
ADDED from AndroidManifest.xml:13:17
	android:name
		ADDED from AndroidManifest.xml:13:25
category#android.intent.category.LAUNCHER
ADDED from AndroidManifest.xml:14:17
	android:name
		ADDED from AndroidManifest.xml:14:27
activity#com.braintreepayments.demo.OptionsActivity
ADDED from AndroidManifest.xml:17:9
	android:label
		ADDED from AndroidManifest.xml:17:51
	android:name
		ADDED from AndroidManifest.xml:17:19
activity#com.braintreepayments.demo.CustomFormActivity
ADDED from AndroidManifest.xml:18:9
	android:label
		ADDED from AndroidManifest.xml:18:54
	android:name
		ADDED from AndroidManifest.xml:18:19
activity#com.braintreepayments.demo.FinishedActivity
ADDED from AndroidManifest.xml:19:9
	android:label
		ADDED from AndroidManifest.xml:19:52
	android:name
		ADDED from AndroidManifest.xml:19:19
activity#com.braintreepayments.demo.PayPalActivity
ADDED from AndroidManifest.xml:20:9
	android:label
		ADDED from AndroidManifest.xml:20:50
	android:name
		ADDED from AndroidManifest.xml:20:19
uses-sdk
INJECTED from AndroidManifest.xml:0:0 reason: use-sdk injection requested
MERGED from braintree_android:Drop-In:unspecified:8:5
MERGED from braintree_android:BraintreeApi:unspecified:7:5
MERGED from braintree_android:BraintreeData:unspecified:7:5
	android:targetSdkVersion
		INJECTED from AndroidManifest.xml:0:0
		INJECTED from AndroidManifest.xml:0:0
	android:minSdkVersion
		INJECTED from AndroidManifest.xml:0:0
		INJECTED from AndroidManifest.xml:0:0
uses-permission#android.permission.ACCESS_NETWORK_STATE
ADDED from braintree_android:Drop-In:unspecified:12:5
MERGED from braintree_android:BraintreeApi:unspecified:11:5
MERGED from braintree_android:BraintreeData:unspecified:12:5
	android:name
		ADDED from braintree_android:Drop-In:unspecified:12:22
uses-permission#android.permission.INTERNET
ADDED from braintree_android:Drop-In:unspecified:13:5
MERGED from braintree_android:BraintreeApi:unspecified:12:5
MERGED from braintree_android:BraintreeData:unspecified:11:5
	android:name
		ADDED from braintree_android:Drop-In:unspecified:13:22
activity#com.braintreepayments.api.dropin.BraintreePaymentActivity
ADDED from braintree_android:Drop-In:unspecified:18:9
	android:name
		ADDED from braintree_android:Drop-In:unspecified:18:19
activity#com.paypal.android.sdk.payments.PayPalProfileSharingActivity
ADDED from braintree_android:Drop-In:unspecified:19:9
MERGED from braintree_android:BraintreeApi:unspecified:15:9
	android:name
		ADDED from braintree_android:Drop-In:unspecified:19:19
activity#com.paypal.android.sdk.payments.ProfileSharingConsentActivity
ADDED from braintree_android:Drop-In:unspecified:20:9
MERGED from braintree_android:BraintreeApi:unspecified:16:9
	android:name
		ADDED from braintree_android:Drop-In:unspecified:20:19
activity#com.paypal.android.sdk.payments.FuturePaymentInfoActivity
ADDED from braintree_android:Drop-In:unspecified:21:9
MERGED from braintree_android:BraintreeApi:unspecified:17:9
	android:name
		ADDED from braintree_android:Drop-In:unspecified:21:19
activity#com.paypal.android.sdk.payments.LoginActivity
ADDED from braintree_android:Drop-In:unspecified:22:9
MERGED from braintree_android:BraintreeApi:unspecified:18:9
	android:name
		ADDED from braintree_android:Drop-In:unspecified:22:19
activity#com.paypal.android.sdk.payments.PayPalTouchActivity
ADDED from braintree_android:Drop-In:unspecified:23:9
MERGED from braintree_android:BraintreeApi:unspecified:19:9
	android:theme
		ADDED from braintree_android:Drop-In:unspecified:25:13
	android:name
		ADDED from braintree_android:Drop-In:unspecified:24:13
service#com.paypal.android.sdk.payments.PayPalService
ADDED from braintree_android:Drop-In:unspecified:27:9
MERGED from braintree_android:BraintreeApi:unspecified:23:9
	android:exported
		ADDED from braintree_android:Drop-In:unspecified:29:13
	android:name
		ADDED from braintree_android:Drop-In:unspecified:28:13